<?xml version="1.0" encoding="UTF-8"?>
<testsuite xmlns:xsi="http://www.w3.org/2001/XMLSchema-instance" xsi:noNamespaceSchemaLocation="https://maven.apache.org/surefire/maven-surefire-plugin/xsd/surefire-test-report-3.0.xsd" version="3.0" name="TestSuite" time="0.681" tests="3" errors="0" skipped="0" failures="3">
  <properties>
[...]
</properties>
  <testcase name="titleCheck" classname="rahulshettyacademy.TestDemo" time="0.149">
    <failure message="java.net.URISyntaxException: Illegal character in opaque part at index 6: https:\siron_AOveyK:1Wxze1uEcLRZrT4kQgxC@hub.browserstack.com\wd\hub" type="java.lang.RuntimeException"><![CDATA[java.lang.RuntimeException: java.net.URISyntaxException: Illegal character in opaque part at index 6: https:\siron_AOveyK:1Wxze1uEcLRZrT4kQgxC@hub.browserstack.com\wd\hub
	at rahulshettyacademy.TestDemo.titleCheck(TestDemo.java:22)
Caused by: java.net.URISyntaxException: Illegal character in opaque part at index 6: https:\siron_AOveyK:1Wxze1uEcLRZrT4kQgxC@hub.browserstack.com\wd\hub
	at rahulshettyacademy.TestDemo.titleCheck(TestDemo.java:22)
]]></failure>
  </testcase>
  <testcase name="titleCheck" classname="rahulshettyacademy.TestDemo" time="0.149">
    <failure message="java.net.URISyntaxException: Illegal character in opaque part at index 6: https:\siron_AOveyK:1Wxze1uEcLRZrT4kQgxC@hub.browserstack.com\wd\hub" type="java.lang.RuntimeException"><![CDATA[java.lang.RuntimeException: java.net.URISyntaxException: Illegal character in opaque part at index 6: https:\siron_AOveyK:1Wxze1uEcLRZrT4kQgxC@hub.browserstack.com\wd\hub
	at rahulshettyacademy.TestDemo.titleCheck(TestDemo.java:22)
Caused by: java.net.URISyntaxException: Illegal character in opaque part at index 6: https:\siron_AOveyK:1Wxze1uEcLRZrT4kQgxC@hub.browserstack.com\wd\hub
	at rahulshettyacademy.TestDemo.titleCheck(TestDemo.java:22)
]]></failure>
  </testcase>
  <testcase name="titleCheck" classname="rahulshettyacademy.TestDemo" time="0.149">
    <failure message="java.net.URISyntaxException: Illegal character in opaque part at index 6: https:\siron_AOveyK:1Wxze1uEcLRZrT4kQgxC@hub.browserstack.com\wd\hub" type="java.lang.RuntimeException"><![CDATA[java.lang.RuntimeException: java.net.URISyntaxException: Illegal character in opaque part at index 6: https:\siron_AOveyK:1Wxze1uEcLRZrT4kQgxC@hub.browserstack.com\wd\hub
	at rahulshettyacademy.TestDemo.titleCheck(TestDemo.java:22)
Caused by: java.net.URISyntaxException: Illegal character in opaque part at index 6: https:\siron_AOveyK:1Wxze1uEcLRZrT4kQgxC@hub.browserstack.com\wd\hub
	at rahulshettyacademy.TestDemo.titleCheck(TestDemo.java:22)
]]></failure>
  </testcase>
</testsuite>